<?xml version="1.0" encoding="UTF-8"?>
<coverage generated="1610992854647" clover="3.2.0">
  <project timestamp="1610992854647" name="All files">
    <metrics statements="42" coveredstatements="35" conditionals="16" coveredconditionals="11" methods="20" coveredmethods="11" elements="78" coveredelements="57" complexity="0" loc="42" ncloc="42" packages="2" files="7" classes="7"/>
    <package name="spec.components">
      <metrics statements="0" coveredstatements="0" conditionals="0" coveredconditionals="0" methods="0" coveredmethods="0"/>
      <file name="mockData.js" path="/Users/christophercunningham/hack-reactor/bld14/FEC/this-Cunningham-service/spec/components/mockData.js">
        <metrics statements="0" coveredstatements="0" conditionals="0" coveredconditionals="0" methods="0" coveredmethods="0"/>
      </file>
    </package>
    <package name="src.components">
      <metrics statements="42" coveredstatements="35" conditionals="16" coveredconditionals="11" methods="20" coveredmethods="11"/>
      <file name="Attraction.jsx" path="/Users/christophercunningham/hack-reactor/bld14/FEC/this-Cunningham-service/src/components/Attraction.jsx">
        <metrics statements="23" coveredstatements="16" conditionals="8" coveredconditionals="5" methods="8" coveredmethods="5"/>
        <line num="10" count="22" type="stmt"/>
        <line num="11" count="22" type="stmt"/>
        <line num="22" count="22" type="stmt"/>
        <line num="23" count="22" type="stmt"/>
        <line num="24" count="22" type="stmt"/>
        <line num="28" count="22" type="stmt"/>
        <line num="30" count="0" type="stmt"/>
        <line num="33" count="0" type="stmt"/>
        <line num="37" count="0" type="stmt"/>
        <line num="38" count="0" type="stmt"/>
        <line num="44" count="2" type="stmt"/>
        <line num="46" count="2" type="stmt"/>
        <line num="47" count="2" type="cond" truecount="1" falsecount="1"/>
        <line num="48" count="0" type="stmt"/>
        <line num="50" count="2" type="cond" truecount="1" falsecount="1"/>
        <line num="51" count="0" type="stmt"/>
        <line num="53" count="2" type="cond" truecount="1" falsecount="1"/>
        <line num="54" count="0" type="stmt"/>
        <line num="56" count="2" type="stmt"/>
        <line num="65" count="3" type="stmt"/>
        <line num="66" count="3" type="stmt"/>
        <line num="74" count="30" type="stmt"/>
        <line num="75" count="30" type="stmt"/>
      </file>
      <file name="Header.jsx" path="/Users/christophercunningham/hack-reactor/bld14/FEC/this-Cunningham-service/src/components/Header.jsx">
        <metrics statements="4" coveredstatements="4" conditionals="2" coveredconditionals="1" methods="2" coveredmethods="1"/>
        <line num="6" count="3" type="stmt"/>
        <line num="7" count="9" type="stmt"/>
        <line num="26" count="3" type="stmt"/>
        <line num="38" count="3" type="stmt"/>
      </file>
      <file name="Images.jsx" path="/Users/christophercunningham/hack-reactor/bld14/FEC/this-Cunningham-service/src/components/Images.jsx">
        <metrics statements="5" coveredstatements="5" conditionals="0" coveredconditionals="0" methods="2" coveredmethods="2"/>
        <line num="6" count="3" type="stmt"/>
        <line num="8" count="3" type="stmt"/>
        <line num="14" count="3" type="stmt"/>
        <line num="15" count="3" type="stmt"/>
        <line num="23" count="3" type="stmt"/>
      </file>
      <file name="ImproveListing.jsx" path="/Users/christophercunningham/hack-reactor/bld14/FEC/this-Cunningham-service/src/components/ImproveListing.jsx">
        <metrics statements="4" coveredstatements="4" conditionals="4" coveredconditionals="3" methods="4" coveredmethods="1"/>
        <line num="4" count="3" type="stmt"/>
        <line num="7" count="29" type="stmt"/>
        <line num="30" count="3" type="stmt"/>
        <line num="42" count="3" type="stmt"/>
      </file>
      <file name="Overview.jsx" path="/Users/christophercunningham/hack-reactor/bld14/FEC/this-Cunningham-service/src/components/Overview.jsx">
        <metrics statements="4" coveredstatements="4" conditionals="2" coveredconditionals="2" methods="3" coveredmethods="1"/>
        <line num="5" count="3" type="stmt"/>
        <line num="8" count="13" type="stmt"/>
        <line num="26" count="3" type="stmt"/>
        <line num="44" count="3" type="stmt"/>
      </file>
      <file name="Tickets.jsx" path="/Users/christophercunningham/hack-reactor/bld14/FEC/this-Cunningham-service/src/components/Tickets.jsx">
        <metrics statements="2" coveredstatements="2" conditionals="0" coveredconditionals="0" methods="1" coveredmethods="1"/>
        <line num="3" count="3" type="stmt"/>
        <line num="4" count="3" type="stmt"/>
      </file>
    </package>
  </project>
</coverage>
