{"/Users/christophercunningham/hack-reactor/bld14/FEC/this-Cunningham-service/spec/components/mockData.js": {"path":"/Users/christophercunningham/hack-reactor/bld14/FEC/this-Cunningham-service/spec/components/mockData.js","statementMap":{},"fnMap":{},"branchMap":{},"s":{},"f":{},"b":{},"_coverageSchema":"1a1c01bbd47fc00a2c39e90264f33305004495a9","hash":"faa1741555f8b8c52a58f1f45f84ad25353b4c23"}
,"/Users/christophercunningham/hack-reactor/bld14/FEC/this-Cunningham-service/src/components/Attraction.jsx": {"path":"/Users/christophercunningham/hack-reactor/bld14/FEC/this-Cunningham-service/src/components/Attraction.jsx","statementMap":{"0":{"start":{"line":10,"column":4},"end":{"line":10,"column":17}},"1":{"start":{"line":11,"column":4},"end":{"line":14,"column":6}},"2":{"start":{"line":15,"column":4},"end":{"line":15,"column":61}},"3":{"start":{"line":19,"column":4},"end":{"line":24,"column":63}},"4":{"start":{"line":21,"column":8},"end":{"line":23,"column":11}},"5":{"start":{"line":24,"column":24},"end":{"line":24,"column":61}},"6":{"start":{"line":28,"column":26},"end":{"line":28,"column":36}},"7":{"start":{"line":29,"column":4},"end":{"line":31,"column":7}},"8":{"start":{"line":35,"column":24},"end":{"line":35,"column":34}},"9":{"start":{"line":36,"column":4},"end":{"line":47,"column":6}}},"fnMap":{"0":{"name":"(anonymous_0)","decl":{"start":{"line":9,"column":2},"end":{"line":9,"column":3}},"loc":{"start":{"line":9,"column":21},"end":{"line":16,"column":3}},"line":9},"1":{"name":"(anonymous_1)","decl":{"start":{"line":18,"column":2},"end":{"line":18,"column":3}},"loc":{"start":{"line":18,"column":22},"end":{"line":25,"column":3}},"line":18},"2":{"name":"(anonymous_2)","decl":{"start":{"line":20,"column":12},"end":{"line":20,"column":13}},"loc":{"start":{"line":20,"column":26},"end":{"line":24,"column":7}},"line":20},"3":{"name":"(anonymous_3)","decl":{"start":{"line":24,"column":15},"end":{"line":24,"column":16}},"loc":{"start":{"line":24,"column":24},"end":{"line":24,"column":61}},"line":24},"4":{"name":"(anonymous_4)","decl":{"start":{"line":27,"column":2},"end":{"line":27,"column":3}},"loc":{"start":{"line":27,"column":21},"end":{"line":32,"column":3}},"line":27},"5":{"name":"(anonymous_5)","decl":{"start":{"line":34,"column":2},"end":{"line":34,"column":3}},"loc":{"start":{"line":34,"column":11},"end":{"line":48,"column":3}},"line":34}},"branchMap":{"0":{"loc":{"start":{"line":38,"column":9},"end":{"line":45,"column":53}},"type":"cond-expr","locations":[{"start":{"line":39,"column":10},"end":{"line":44,"column":16}},{"start":{"line":45,"column":12},"end":{"line":45,"column":53}}],"line":38}},"s":{"0":14,"1":14,"2":14,"3":14,"4":0,"5":0,"6":0,"7":0,"8":19,"9":19},"f":{"0":14,"1":14,"2":0,"3":0,"4":0,"5":19},"b":{"0":[3,16]},"_coverageSchema":"1a1c01bbd47fc00a2c39e90264f33305004495a9","hash":"3537c63c5d7216cf0dd1a7a1a512c349bb891ef8"}
,"/Users/christophercunningham/hack-reactor/bld14/FEC/this-Cunningham-service/src/components/Header.jsx": {"path":"/Users/christophercunningham/hack-reactor/bld14/FEC/this-Cunningham-service/src/components/Header.jsx","statementMap":{"0":{"start":{"line":6,"column":15},"end":{"line":21,"column":1}},"1":{"start":{"line":7,"column":2},"end":{"line":20,"column":8}},"2":{"start":{"line":26,"column":0},"end":{"line":35,"column":2}},"3":{"start":{"line":37,"column":0},"end":{"line":39,"column":2}}},"fnMap":{"0":{"name":"(anonymous_0)","decl":{"start":{"line":6,"column":15},"end":{"line":6,"column":16}},"loc":{"start":{"line":7,"column":2},"end":{"line":20,"column":8}},"line":7},"1":{"name":"(anonymous_1)","decl":{"start":{"line":38,"column":20},"end":{"line":38,"column":21}},"loc":{"start":{"line":38,"column":26},"end":{"line":38,"column":28}},"line":38}},"branchMap":{},"s":{"0":2,"1":7,"2":2,"3":2},"f":{"0":7,"1":0},"b":{},"_coverageSchema":"1a1c01bbd47fc00a2c39e90264f33305004495a9","hash":"b6ecbcceab09dfdd617fabbe074eb82ba0b11205"}
,"/Users/christophercunningham/hack-reactor/bld14/FEC/this-Cunningham-service/src/components/Images.jsx": {"path":"/Users/christophercunningham/hack-reactor/bld14/FEC/this-Cunningham-service/src/components/Images.jsx","statementMap":{"0":{"start":{"line":6,"column":4},"end":{"line":6,"column":17}},"1":{"start":{"line":8,"column":4},"end":{"line":10,"column":6}},"2":{"start":{"line":14,"column":23},"end":{"line":14,"column":33}},"3":{"start":{"line":15,"column":4},"end":{"line":19,"column":6}},"4":{"start":{"line":23,"column":0},"end":{"line":25,"column":2}}},"fnMap":{"0":{"name":"(anonymous_0)","decl":{"start":{"line":5,"column":2},"end":{"line":5,"column":3}},"loc":{"start":{"line":5,"column":21},"end":{"line":11,"column":3}},"line":5},"1":{"name":"(anonymous_1)","decl":{"start":{"line":13,"column":2},"end":{"line":13,"column":3}},"loc":{"start":{"line":13,"column":11},"end":{"line":20,"column":3}},"line":13}},"branchMap":{},"s":{"0":3,"1":3,"2":3,"3":3,"4":2},"f":{"0":3,"1":3},"b":{},"_coverageSchema":"1a1c01bbd47fc00a2c39e90264f33305004495a9","hash":"8469ef76639d69dc4d3d937ca26ce8e0144883fe"}
,"/Users/christophercunningham/hack-reactor/bld14/FEC/this-Cunningham-service/src/components/ImproveListing.jsx": {"path":"/Users/christophercunningham/hack-reactor/bld14/FEC/this-Cunningham-service/src/components/ImproveListing.jsx","statementMap":{"0":{"start":{"line":3,"column":23},"end":{"line":7,"column":1}},"1":{"start":{"line":4,"column":2},"end":{"line":6,"column":9}}},"fnMap":{"0":{"name":"(anonymous_0)","decl":{"start":{"line":3,"column":23},"end":{"line":3,"column":24}},"loc":{"start":{"line":4,"column":2},"end":{"line":6,"column":9}},"line":4},"1":{"name":"(anonymous_1)","decl":{"start":{"line":4,"column":18},"end":{"line":4,"column":19}},"loc":{"start":{"line":4,"column":24},"end":{"line":4,"column":26}},"line":4}},"branchMap":{},"s":{"0":2,"1":3},"f":{"0":3,"1":0},"b":{},"_coverageSchema":"1a1c01bbd47fc00a2c39e90264f33305004495a9","hash":"55c3ce87f71902f529718f7831a460673d83df94"}
,"/Users/christophercunningham/hack-reactor/bld14/FEC/this-Cunningham-service/src/components/Overview.jsx": {"path":"/Users/christophercunningham/hack-reactor/bld14/FEC/this-Cunningham-service/src/components/Overview.jsx","statementMap":{"0":{"start":{"line":5,"column":17},"end":{"line":17,"column":1}},"1":{"start":{"line":6,"column":2},"end":{"line":16,"column":8}},"2":{"start":{"line":21,"column":0},"end":{"line":28,"column":2}}},"fnMap":{"0":{"name":"(anonymous_0)","decl":{"start":{"line":5,"column":17},"end":{"line":5,"column":18}},"loc":{"start":{"line":6,"column":2},"end":{"line":16,"column":8}},"line":6}},"branchMap":{"0":{"loc":{"start":{"line":9,"column":40},"end":{"line":9,"column":79}},"type":"cond-expr","locations":[{"start":{"line":9,"column":58},"end":{"line":9,"column":68}},{"start":{"line":9,"column":71},"end":{"line":9,"column":79}}],"line":9}},"s":{"0":2,"1":3,"2":2},"f":{"0":3},"b":{"0":[3,0]},"_coverageSchema":"1a1c01bbd47fc00a2c39e90264f33305004495a9","hash":"83cf6881ba65941867a5942a9870bb675061a427"}
,"/Users/christophercunningham/hack-reactor/bld14/FEC/this-Cunningham-service/src/components/Tickets.jsx": {"path":"/Users/christophercunningham/hack-reactor/bld14/FEC/this-Cunningham-service/src/components/Tickets.jsx","statementMap":{"0":{"start":{"line":3,"column":16},"end":{"line":7,"column":1}},"1":{"start":{"line":4,"column":2},"end":{"line":6,"column":8}}},"fnMap":{"0":{"name":"(anonymous_0)","decl":{"start":{"line":3,"column":16},"end":{"line":3,"column":17}},"loc":{"start":{"line":4,"column":2},"end":{"line":6,"column":8}},"line":4}},"branchMap":{},"s":{"0":2,"1":3},"f":{"0":3},"b":{},"_coverageSchema":"1a1c01bbd47fc00a2c39e90264f33305004495a9","hash":"1b835be52525b067b2d0a508b912f7d7b09e0a60"}
}
