TN:
SF:spec/components/mockData.js
FNF:0
FNH:0
LF:0
LH:0
BRF:0
BRH:0
end_of_record
TN:
SF:src/components/Attraction.jsx
FN:9,(anonymous_0)
FN:18,(anonymous_1)
FN:20,(anonymous_2)
FN:24,(anonymous_3)
FN:27,(anonymous_4)
FN:34,(anonymous_5)
FNF:6
FNH:4
FNDA:15,(anonymous_0)
FNDA:15,(anonymous_1)
FNDA:0,(anonymous_2)
FNDA:0,(anonymous_3)
FNDA:3,(anonymous_4)
FNDA:21,(anonymous_5)
DA:10,15
DA:11,15
DA:15,15
DA:19,15
DA:21,0
DA:24,0
DA:28,3
DA:29,3
DA:35,21
DA:36,21
LF:10
LH:8
BRDA:38,0,0,3
BRDA:38,0,1,18
BRF:2
BRH:2
end_of_record
TN:
SF:src/components/Header.jsx
FN:6,(anonymous_0)
FN:39,(anonymous_1)
FNF:2
FNH:1
FNDA:9,(anonymous_0)
FNDA:0,(anonymous_1)
DA:6,2
DA:7,9
DA:26,2
DA:38,2
LF:4
LH:4
BRDA:11,0,0,0
BRDA:11,0,1,9
BRF:2
BRH:1
end_of_record
TN:
SF:src/components/Images.jsx
FN:5,(anonymous_0)
FN:13,(anonymous_1)
FNF:2
FNH:2
FNDA:3,(anonymous_0)
FNDA:3,(anonymous_1)
DA:6,3
DA:8,3
DA:14,3
DA:15,3
DA:23,2
LF:5
LH:5
BRF:0
BRH:0
end_of_record
TN:
SF:src/components/ImproveListing.jsx
FN:3,(anonymous_0)
FN:4,(anonymous_1)
FNF:2
FNH:1
FNDA:3,(anonymous_0)
FNDA:0,(anonymous_1)
DA:3,2
DA:4,3
LF:2
LH:2
BRF:0
BRH:0
end_of_record
TN:
SF:src/components/Overview.jsx
FN:5,(anonymous_0)
FNF:1
FNH:1
FNDA:3,(anonymous_0)
DA:5,2
DA:6,3
DA:21,2
LF:3
LH:3
BRDA:9,0,0,3
BRDA:9,0,1,0
BRF:2
BRH:1
end_of_record
TN:
SF:src/components/Tickets.jsx
FN:3,(anonymous_0)
FNF:1
FNH:1
FNDA:3,(anonymous_0)
DA:3,2
DA:4,3
LF:2
LH:2
BRF:0
BRH:0
end_of_record
